<?xml version="1.0" encoding="UTF-8"?>
<!-- Generated by org.testng.reporters.JUnitXMLReporter -->
<testsuite ignored="0" hostname="dell" failures="0" tests="11" name="Surefire test" time="6.296" errors="0" timestamp="2020-05-04T13:47:09 IST">
  <testcase classname="com.tangerine.qa.testcases.ResellerCreationTest" name="@BeforeTest setUp" time="2.307">
    <failure type="org.openqa.selenium.WebDriverException" message="unknown error: cannot determine loading status
from unknown error: cannot determine loading status
from disconnected: Unable to receive message from renderer
  (Session info: chrome=80.0.3987.87)
Build info: version: &amp;apos;3.141.59&amp;apos;, revision: &amp;apos;e82be7d358&amp;apos;, time: &amp;apos;2018-11-14T08:17:03&amp;apos;
System info: host: &amp;apos;dell&amp;apos;, ip: &amp;apos;127.0.1.1&amp;apos;, os.name: &amp;apos;Linux&amp;apos;, os.arch: &amp;apos;amd64&amp;apos;, os.version: &amp;apos;4.15.0-88-generic&amp;apos;, java.version: &amp;apos;11.0.6&amp;apos;
Driver info: org.openqa.selenium.chrome.ChromeDriver
Capabilities {acceptInsecureCerts: false, browserName: chrome, browserVersion: 80.0.3987.87, chrome: {chromedriverVersion: 80.0.3987.16 (320f6526c1632..., userDataDir: /tmp/.com.google.Chrome.H2WW6R}, goog:chromeOptions: {debuggerAddress: localhost:33987}, javascriptEnabled: true, networkConnectionEnabled: false, pageLoadStrategy: normal, platform: LINUX, platformName: LINUX, proxy: Proxy(), setWindowRect: true, strictFileInteractability: false, timeouts: {implicit: 0, pageLoad: 300000, script: 30000}, unhandledPromptBehavior: dismiss and notify}
Session ID: 63c6b375e44b3a5867447fc27366e4a3">
      <![CDATA[org.openqa.selenium.WebDriverException: unknown error: cannot determine loading status
from unknown error: cannot determine loading status
from disconnected: Unable to receive message from renderer
  (Session info: chrome=80.0.3987.87)
Build info: version: '3.141.59', revision: 'e82be7d358', time: '2018-11-14T08:17:03'
System info: host: 'dell', ip: '127.0.1.1', os.name: 'Linux', os.arch: 'amd64', os.version: '4.15.0-88-generic', java.version: '11.0.6'
Driver info: org.openqa.selenium.chrome.ChromeDriver
Capabilities {acceptInsecureCerts: false, browserName: chrome, browserVersion: 80.0.3987.87, chrome: {chromedriverVersion: 80.0.3987.16 (320f6526c1632..., userDataDir: /tmp/.com.google.Chrome.H2WW6R}, goog:chromeOptions: {debuggerAddress: localhost:33987}, javascriptEnabled: true, networkConnectionEnabled: false, pageLoadStrategy: normal, platform: LINUX, platformName: LINUX, proxy: Proxy(), setWindowRect: true, strictFileInteractability: false, timeouts: {implicit: 0, pageLoad: 300000, script: 30000}, unhandledPromptBehavior: dismiss and notify}
Session ID: 63c6b375e44b3a5867447fc27366e4a3
at org.openqa.selenium.remote.http.W3CHttpResponseCodec.createException(W3CHttpResponseCodec.java:187)
at org.openqa.selenium.remote.http.W3CHttpResponseCodec.decode(W3CHttpResponseCodec.java:122)
at org.openqa.selenium.remote.http.W3CHttpResponseCodec.decode(W3CHttpResponseCodec.java:49)
at org.openqa.selenium.remote.HttpCommandExecutor.execute(HttpCommandExecutor.java:158)
at org.openqa.selenium.remote.service.DriverCommandExecutor.execute(DriverCommandExecutor.java:83)
at org.openqa.selenium.remote.RemoteWebDriver.execute(RemoteWebDriver.java:552)
at org.openqa.selenium.remote.RemoteWebDriver.get(RemoteWebDriver.java:277)
at com.tangerine.qa.base.TestBase.adminInitialization(TestBase.java:103)
at com.tangerine.qa.testcases.ResellerCreationTest.setUp(ResellerCreationTest.java:39)
... Removed 33 stack frames]]>
    </failure>
  </testcase> <!-- @BeforeTest setUp -->
  <testcase classname="com.tangerine.qa.testcases.ResellerRequestApprovalsTest" name="@BeforeTest setUp" time="-1.588580228828E9">
    <skipped/>
  </testcase> <!-- @BeforeTest setUp -->
  <testcase classname="com.tangerine.qa.testcases.HomePageTest" name="@BeforeMethod setUp" time="-1.588580228933E9">
    <skipped/>
  </testcase> <!-- @BeforeMethod setUp -->
  <testcase classname="com.tangerine.qa.testcases.HomePageTest" name="@AfterMethod close" time="-1.588580228943E9">
    <skipped/>
  </testcase> <!-- @AfterMethod close -->
  <testcase classname="com.tangerine.qa.testcases.LoginPageTest" name="@BeforeMethod setUp" time="-1.588580228946E9">
    <skipped/>
  </testcase> <!-- @BeforeMethod setUp -->
  <testcase classname="com.tangerine.qa.testcases.LoginPageTest" name="@AfterMethod close" time="-1.588580228948E9">
    <skipped/>
  </testcase> <!-- @AfterMethod close -->
  <testcase classname="com.tangerine.qa.testcases.LoginPageTest" name="@BeforeMethod setUp" time="-1.588580228951E9">
    <skipped/>
  </testcase> <!-- @BeforeMethod setUp -->
  <testcase classname="com.tangerine.qa.testcases.LoginPageTest" name="@AfterMethod close" time="-1.588580228956E9">
    <skipped/>
  </testcase> <!-- @AfterMethod close -->
  <testcase classname="com.tangerine.qa.testcases.LoginPageTest" name="@BeforeMethod setUp" time="-1.588580228958E9">
    <skipped/>
  </testcase> <!-- @BeforeMethod setUp -->
  <testcase classname="com.tangerine.qa.testcases.LoginPageTest" name="@AfterMethod close" time="-1.588580228959E9">
    <skipped/>
  </testcase> <!-- @AfterMethod close -->
  <testcase classname="com.tangerine.qa.testcases.ResellerRequestsTest" name="@BeforeMethod setUp" time="-1.588580228966E9">
    <skipped/>
  </testcase> <!-- @BeforeMethod setUp -->
  <testcase classname="com.tangerine.qa.testcases.ResellerRequestsTest" name="@AfterMethod close" time="-1.588580228967E9">
    <skipped/>
  </testcase> <!-- @AfterMethod close -->
  <testcase classname="com.tangerine.qa.testcases.NewStaffUserCreationTest" name="@AfterTest closeBrowser" time="-1.588580228967E9">
    <skipped/>
  </testcase> <!-- @AfterTest closeBrowser -->
  <testcase classname="com.tangerine.qa.testcases.ResellerCreationTest" name="@AfterTest closeBrowser" time="-1.588580228967E9">
    <skipped/>
  </testcase> <!-- @AfterTest closeBrowser -->
  <testcase classname="com.tangerine.qa.testcases.ResellerRequestApprovalsTest" name="approvingProductRequest" time="0.0">
    <skipped/>
  </testcase> <!-- approvingProductRequest -->
  <testcase classname="com.tangerine.qa.testcases.HomePageTest" name="verifyHomePageTitleForReseller" time="0.0">
    <skipped/>
  </testcase> <!-- verifyHomePageTitleForReseller -->
  <testcase classname="com.tangerine.qa.testcases.NewStaffUserCreationTest" name="newStaffUserCreation" time="0.0">
    <skipped/>
  </testcase> <!-- newStaffUserCreation -->
  <testcase classname="com.tangerine.qa.testcases.LoginPageTest" name="titilePageValidateTest" time="0.0">
    <skipped/>
  </testcase> <!-- titilePageValidateTest -->
  <testcase classname="com.tangerine.qa.testcases.LoginPageTest" name="titilePageLogoTest" time="0.0">
    <skipped/>
  </testcase> <!-- titilePageLogoTest -->
  <testcase classname="com.tangerine.qa.testcases.LoginPageTest" name="loginTest" time="0.0">
    <skipped/>
  </testcase> <!-- loginTest -->
  <testcase classname="com.tangerine.qa.testcases.ResellerCreationTest" name="createNewResellerUser" time="0.0">
    <skipped/>
  </testcase> <!-- createNewResellerUser -->
  <testcase classname="com.tangerine.qa.testcases.ResellerCreationTest" name="approveResellerDocuments" time="0.0">
    <skipped/>
  </testcase> <!-- approveResellerDocuments -->
  <testcase classname="com.tangerine.qa.testcases.ResellerCreationTest" name="activateReseller" time="0.0">
    <skipped/>
  </testcase> <!-- activateReseller -->
  <testcase classname="com.tangerine.qa.testcases.ResellerCreationTest" name="resellerPasswordChange" time="0.0">
    <skipped/>
  </testcase> <!-- resellerPasswordChange -->
  <testcase classname="com.tangerine.qa.testcases.ResellerRequestsTest" name="simWithAirtime" time="0.0">
    <skipped/>
  </testcase> <!-- simWithAirtime -->
</testsuite> <!-- Surefire test -->
