<?xml version="1.0" encoding="UTF-8"?>
<!-- Generated by org.testng.reporters.JUnitXMLReporter -->
<testsuite ignored="0" hostname="dell" failures="0" tests="2" name="Reseller Creation Process" time="180.691" errors="0" timestamp="17 Mar 2020 12:02:56 GMT">
  <testcase classname="com.tangerine.qa.testcases.ResellerRequestsTest" name="@BeforeMethod setUp" time="7.292">
    <failure type="java.lang.IllegalArgumentException" message="Keys to send should be a not null CharSequence">
      <![CDATA[java.lang.IllegalArgumentException: Keys to send should be a not null CharSequence
at org.openqa.selenium.remote.RemoteWebElement.sendKeys(RemoteWebElement.java:97)
at org.openqa.selenium.support.pagefactory.internal.LocatingElementHandler.invoke(LocatingElementHandler.java:51)
at com.sun.proxy.$Proxy14.sendKeys(Unknown Source)
at com.tangerine.qa.pages.LoginPage.login(LoginPage.java:71)
at com.tangerine.qa.testcases.ResellerRequestsTest.setUp(ResellerRequestsTest.java:38)
... Removed 31 stack frames]]>
    </failure>
  </testcase> <!-- @BeforeMethod setUp -->
  <testcase classname="com.tangerine.qa.testcases.ResellerRequestsTest" name="@AfterMethod close" time="0.0">
    <skipped/>
  </testcase> <!-- @AfterMethod close -->
  <testcase classname="com.tangerine.qa.testcases.ResellerCreationTest" name="createNewResellerUser" time="161.974"/>
  <testcase classname="com.tangerine.qa.testcases.ResellerRequestsTest" name="simWithAirtime" time="0.0">
    <skipped/>
  </testcase> <!-- simWithAirtime -->
</testsuite> <!-- Reseller Creation Process -->
