<?xml version="1.0" encoding="UTF-8"?>
<!-- Generated by org.testng.reporters.JUnitReportReporter -->
<testsuite hostname="dell" failures="0" tests="1" name="com.tangerine.qa.testcases.ResellerRequestsTest" time="0.000" errors="0" timestamp="2020-05-04T13:47:09 IST" skipped="1">
  <testcase classname="com.tangerine.qa.testcases.ResellerRequestsTest" name="simWithAirtime" time="0.000">
    <skipped/>
  </testcase> <!-- simWithAirtime -->
</testsuite> <!-- com.tangerine.qa.testcases.ResellerRequestsTest -->
