<?xml version="1.0" encoding="UTF-8"?>
<!-- Generated by org.testng.reporters.JUnitReportReporter -->
<testsuite hostname="dell" failures="0" tests="3" name="com.tangerine.qa.testcases.LoginPageTest" time="0.000" errors="0" timestamp="2020-05-04T13:47:09 IST" skipped="3">
  <testcase classname="com.tangerine.qa.testcases.LoginPageTest" name="titilePageValidateTest" time="0.000">
    <skipped/>
  </testcase> <!-- titilePageValidateTest -->
  <testcase classname="com.tangerine.qa.testcases.LoginPageTest" name="titilePageLogoTest" time="0.000">
    <skipped/>
  </testcase> <!-- titilePageLogoTest -->
  <testcase classname="com.tangerine.qa.testcases.LoginPageTest" name="loginTest" time="0.000">
    <skipped/>
  </testcase> <!-- loginTest -->
</testsuite> <!-- com.tangerine.qa.testcases.LoginPageTest -->
